2022-11-24 20:04:32.270 Sorting array of 61 elements: [-4861, -7604, -3439, -7481, 4070, -734, -4995, 818, 929, -3311, -9981, -332, -3790, -9064, -653, -9415, -5684, -1683, -5665, 9266, 4299, 3001, 3659, 328, 9065, -7539, -3675, -3080, 1100, 1543, 5352, 7488, -8117, 6779, 5418, 6281, 8175, -1124, -3397, 8310, -5631, 8680, -879, 4910, -1217, -634, -6582, -8302, 9933, 9404, 2982, 3094, 1563, 2504, -4301, 5127, -9223, 447, -3596, 3700, 8278]
2022-11-24 20:04:32.281 BubbleSorter. Time elapsed: 1 ms, Comparisons: 3300, Exchanges: 721
2022-11-24 20:04:32.281 ShakerSorter. Time elapsed: 0 ms, Comparisons: 1830, Exchanges: 721
2022-11-24 20:04:32.282 SelectionSorter. Time elapsed: 0 ms, Comparisons: 1830, Exchanges: 60
2022-11-24 20:04:32.282 QuickSorter. Time elapsed: 0 ms, Comparisons: 256, Exchanges: 77
2022-11-24 20:04:32.284 The best sorter for array is: QuickSorter
2022-11-24 20:04:32.285 Sorting array of 69 elements: [7778, 3230, 4498, -3693, -382, 9114, -6710, 1547, 3807, 8014, 3237, 5254, 7961, -5671, 7533, -6691, -3940, 3075, 7592, 2814, -5981, -3125, 2537, 265, -7298, 6491, 2254, -1424, 3069, -6939, -8459, -5294, -6309, 5783, 9994, -6318, -4706, -2303, -1776, -4379, 8615, 5464, -3396, -6654, -2190, -7239, -1337, 7858, 7765, -5418, -7111, -70, -750, -7426, -4892, 177, 204, 457, -8688, -4051, -5208, -4025, 7400, -8554, 4209, 1993, -3748, 8065, 4424]
2022-11-24 20:04:32.285 BubbleSorter. Time elapsed: 0 ms, Comparisons: 4284, Exchanges: 1327
2022-11-24 20:04:32.286 ShakerSorter. Time elapsed: 1 ms, Comparisons: 2346, Exchanges: 1327
2022-11-24 20:04:32.286 SelectionSorter. Time elapsed: 0 ms, Comparisons: 2346, Exchanges: 68
2022-11-24 20:04:32.286 QuickSorter. Time elapsed: 0 ms, Comparisons: 302, Exchanges: 105
2022-11-24 20:04:32.286 The best sorter for array is: QuickSorter
2022-11-24 20:04:32.287 Sorting array of 32 elements: [-7806, -5986, 1290, 3771, -588, 6401, 1630, 5112, -26, 7299, -4505, -1855, 8906, -3957, -7718, -7317, -1403, 8963, 1662, 9100, 3795, 5349, 8749, -5241, 5598, -381, 8273, 7738, 7928, 1551, 589, -5602]
2022-11-24 20:04:32.287 BubbleSorter. Time elapsed: 0 ms, Comparisons: 868, Exchanges: 206
2022-11-24 20:04:32.287 ShakerSorter. Time elapsed: 0 ms, Comparisons: 496, Exchanges: 206
2022-11-24 20:04:32.288 SelectionSorter. Time elapsed: 0 ms, Comparisons: 496, Exchanges: 31
2022-11-24 20:04:32.288 QuickSorter. Time elapsed: 0 ms, Comparisons: 132, Exchanges: 36
2022-11-24 20:04:32.288 The best sorter for array is: QuickSorter
2022-11-24 20:04:32.288 Sorting array of 86 elements: [-9707, -8422, -7533, 8225, -5695, 4570, -9672, 7601, -9229, 5718, -1452, -1285, 4307, 3871, 5014, 9162, 6328, -512, -9811, 7648, 4083, 9068, 1709, -6657, -5172, 8426, 5742, -1294, 1224, 6969, -3772, -1905, -3155, -2397, -8719, 4186, -7647, 8018, 2396, -9423, -7324, 1696, -8622, -2681, 4254, -8470, -8359, 3877, 4198, -2711, -5651, 4883, 1523, 7589, 8062, 2760, -1297, -6989, -5837, -2627, -441, 2518, -3430, 5283, 4115, 930, -1998, 29, -728, -4471, 6270, 1973, -7655, 2374, -7631, -6664, 8975, 9973, -5366, 6217, -1616, -749, -9915, -6444, 8829, -5480]
2022-11-24 20:04:32.289 BubbleSorter. Time elapsed: 1 ms, Comparisons: 7055, Exchanges: 1858
2022-11-24 20:04:32.289 ShakerSorter. Time elapsed: 0 ms, Comparisons: 3655, Exchanges: 1858
2022-11-24 20:04:32.290 SelectionSorter. Time elapsed: 0 ms, Comparisons: 3655, Exchanges: 85
2022-11-24 20:04:32.290 QuickSorter. Time elapsed: 0 ms, Comparisons: 490, Exchanges: 120
2022-11-24 20:04:32.290 The best sorter for array is: QuickSorter
2022-11-24 20:04:32.291 Sorting array of 75 elements: [-972, 3971, 7333, -7509, -6231, -6583, 5599, -8385, 145, -1995, 3726, 7237, -1298, -3036, 7291, 7829, -474, 1228, -1570, -8377, 9000, 5464, -6866, 2124, -9806, 2320, 5716, 8210, 9819, 2312, -8442, -660, 824, 7695, -8628, 1021, -5220, 1530, 1879, -4092, 3714, 3687, 6310, 2926, 4575, 9609, 972, -9456, -7812, -6612, 2052, -4400, 1140, 9139, -8274, -1881, 4473, 2951, -7577, -2938, 124, 1590, -6797, -1989, -9715, -6350, 1107, -6073, -576, -2296, 9817, 9436, -4789, 8798, 1282]
2022-11-24 20:04:32.292 BubbleSorter. Time elapsed: 0 ms, Comparisons: 4736, Exchanges: 1427
2022-11-24 20:04:32.293 ShakerSorter. Time elapsed: 0 ms, Comparisons: 2775, Exchanges: 1427
2022-11-24 20:04:32.294 SelectionSorter. Time elapsed: 0 ms, Comparisons: 2775, Exchanges: 74
2022-11-24 20:04:32.295 QuickSorter. Time elapsed: 0 ms, Comparisons: 252, Exchanges: 115
2022-11-24 20:04:32.295 The best sorter for array is: QuickSorter
2022-11-24 20:04:32.295 Sorting array of 88 elements: [9290, 7210, 1535, 8266, -2221, -1369, 706, 7443, 72, 5845, 2896, -8519, 5183, -409, -8516, -9869, 2500, 8968, 2324, -511, -4769, 9197, -5836, 1634, 3999, -1747, 7154, -7895, -2688, -8643, -1131, -1371, -828, -5318, -1350, -3759, 9170, 5438, 4889, -5620, -9120, -3341, -659, 7422, -3551, 50, 9404, 2128, -4579, 5468, -6785, -7898, 8490, -3429, 1507, 6335, -8201, -9333, 2369, -6934, 6219, 7676, 6116, 1681, -3953, -4187, 3439, -3156, -5518, -4717, 2219, 6460, 7219, 5690, -3024, 6376, -6491, -1500, -3746, 8354, -1242, -4590, 7893, -2771, 6342, 3849, -3170, 1469]
2022-11-24 20:04:32.296 BubbleSorter. Time elapsed: 1 ms, Comparisons: 5742, Exchanges: 1971
2022-11-24 20:04:32.296 ShakerSorter. Time elapsed: 0 ms, Comparisons: 3828, Exchanges: 1971
2022-11-24 20:04:32.297 SelectionSorter. Time elapsed: 0 ms, Comparisons: 3828, Exchanges: 87
2022-11-24 20:04:32.297 QuickSorter. Time elapsed: 0 ms, Comparisons: 365, Exchanges: 123
2022-11-24 20:04:32.297 The best sorter for array is: QuickSorter
2022-11-24 20:04:32.297 Sorting array of 60 elements: [-995, 9413, 2504, 1178, -9669, 7234, 7800, -4566, 1523, -7953, -4499, 894, -2281, -4210, 6398, -9600, -8437, 4334, 9165, 383, -7909, -7909, 6761, -8594, 9458, 9445, 2080, 3409, 1795, -4805, 7051, -3524, 5849, -1580, -3795, -302, -8727, -2471, -1714, -6711, 2418, -7726, 5712, 8546, -6488, 166, 3035, -4413, 5478, 3108, 8596, -9884, -8288, -1757, -9794, -7624, 3384, -9455, -7673, -2844]
2022-11-24 20:04:32.298 BubbleSorter. Time elapsed: 1 ms, Comparisons: 3186, Exchanges: 988
2022-11-24 20:04:32.298 ShakerSorter. Time elapsed: 0 ms, Comparisons: 1770, Exchanges: 988
2022-11-24 20:04:32.298 SelectionSorter. Time elapsed: 0 ms, Comparisons: 1770, Exchanges: 59
2022-11-24 20:04:32.299 QuickSorter. Time elapsed: 0 ms, Comparisons: 208, Exchanges: 84
2022-11-24 20:04:32.299 The best sorter for array is: QuickSorter
2022-11-24 20:04:32.299 Sorting array of 90 elements: [9886, -1763, 2264, 493, 7650, -2291, -3571, 3524, 7450, 4895, 2230, 2634, 6528, -694, -6773, 958, -5345, 1428, 8757, -1823, -7801, 4718, -9587, 4597, -4934, -2826, -2968, 8968, 7249, -765, -5460, -7330, 6399, -2923, 1506, -4015, -3224, -2683, 2559, 8635, 9461, -2889, -5807, -9119, 6473, 9393, 793, -284, 6962, 8400, 9402, 2726, 6229, 4984, 9809, -4041, -6324, -6385, -5589, 6787, 5969, 1280, -2530, 3895, -9172, 2547, -713, -1361, 2545, 2612, -2876, 2441, -1011, -9926, 5116, -8586, -3586, 5765, -1605, -8938, -5067, 2643, -563, 6024, -8657, 4628, 4703, -7609, 4309, 8602]
2022-11-24 20:04:32.299 BubbleSorter. Time elapsed: 0 ms, Comparisons: 7120, Exchanges: 2122
2022-11-24 20:04:32.300 ShakerSorter. Time elapsed: 1 ms, Comparisons: 4005, Exchanges: 2122
2022-11-24 20:04:32.300 SelectionSorter. Time elapsed: 0 ms, Comparisons: 4005, Exchanges: 89
2022-11-24 20:04:32.300 QuickSorter. Time elapsed: 0 ms, Comparisons: 385, Exchanges: 134
2022-11-24 20:04:32.300 The best sorter for array is: QuickSorter
2022-11-24 20:04:32.301 Sorting array of 19 elements: [1241, 3722, 9082, -3249, 9826, -3874, 937, -6039, -434, -8226, -7485, -5674, 7508, 7126, -2402, -407, 6982, -5573, 5006]
2022-11-24 20:04:32.301 BubbleSorter. Time elapsed: 0 ms, Comparisons: 252, Exchanges: 92
2022-11-24 20:04:32.301 ShakerSorter. Time elapsed: 0 ms, Comparisons: 171, Exchanges: 92
2022-11-24 20:04:32.301 SelectionSorter. Time elapsed: 0 ms, Comparisons: 171, Exchanges: 18
2022-11-24 20:04:32.301 QuickSorter. Time elapsed: 0 ms, Comparisons: 49, Exchanges: 18
2022-11-24 20:04:32.302 The best sorter for array is: QuickSorter
2022-11-24 20:04:32.302 Sorting array of 24 elements: [7414, -8924, 3438, 906, -5233, 127, 6633, 270, 6081, -5576, -7386, 5188, 792, -3915, 5869, -6963, -1372, -1876, -7100, -8009, -6425, 4525, 9544, -1159]
2022-11-24 20:04:32.302 BubbleSorter. Time elapsed: 0 ms, Comparisons: 437, Exchanges: 155
2022-11-24 20:04:32.303 ShakerSorter. Time elapsed: 0 ms, Comparisons: 276, Exchanges: 155
2022-11-24 20:04:32.303 SelectionSorter. Time elapsed: 0 ms, Comparisons: 276, Exchanges: 23
2022-11-24 20:04:32.303 QuickSorter. Time elapsed: 0 ms, Comparisons: 55, Exchanges: 29
2022-11-24 20:04:32.303 The best sorter for array is: QuickSorter
2022-11-24 20:04:32.304 Sorting array of 2 elements: [7385, -8136]
2022-11-24 20:04:32.304 BubbleSorter. Time elapsed: 0 ms, Comparisons: 2, Exchanges: 1
2022-11-24 20:04:32.304 ShakerSorter. Time elapsed: 0 ms, Comparisons: 1, Exchanges: 1
2022-11-24 20:04:32.304 SelectionSorter. Time elapsed: 0 ms, Comparisons: 1, Exchanges: 1
2022-11-24 20:04:32.305 QuickSorter. Time elapsed: 0 ms, Comparisons: 0, Exchanges: 1
2022-11-24 20:04:32.305 The best sorter for array is: QuickSorter
2022-11-24 20:04:32.305 Sorting array of 16 elements: [650, 6065, 6748, -6064, -5779, 9026, -3350, -1324, 4444, -4935, -1827, -2817, -5779, 3819, -9778, -217]
2022-11-24 20:04:32.305 BubbleSorter. Time elapsed: 0 ms, Comparisons: 225, Exchanges: 71
2022-11-24 20:04:32.305 ShakerSorter. Time elapsed: 0 ms, Comparisons: 120, Exchanges: 71
2022-11-24 20:04:32.306 SelectionSorter. Time elapsed: 0 ms, Comparisons: 120, Exchanges: 15
2022-11-24 20:04:32.306 QuickSorter. Time elapsed: 0 ms, Comparisons: 31, Exchanges: 17
2022-11-24 20:04:32.306 The best sorter for array is: QuickSorter
2022-11-24 20:04:32.306 Sorting array of 77 elements: [8484, -3648, -2882, 9351, -1834, 2455, -695, 8161, 2256, 4144, 1411, 8727, 6330, 4458, -3716, 6110, 4852, 7978, 3768, -1167, -2203, -2215, 39, -1437, -2721, 4517, -982, 6844, 3449, -9872, -3310, -9947, -9526, 4465, 4052, 2880, 1474, 6549, -771, 4224, 5399, 4410, 4550, -2251, 3815, 5156, 1413, -7470, -607, 2807, 7276, 3036, -2987, -1760, 9874, -4751, 9310, -7810, -4865, -9407, 8309, -9829, 1712, -5581, 7989, -2396, -3825, 2454, 1093, 3877, 3649, -1076, -2034, 1508, 1745, 1853, -8517]
2022-11-24 20:04:32.307 BubbleSorter. Time elapsed: 1 ms, Comparisons: 5472, Exchanges: 1652
2022-11-24 20:04:32.307 ShakerSorter. Time elapsed: 0 ms, Comparisons: 2926, Exchanges: 1652
2022-11-24 20:04:32.307 SelectionSorter. Time elapsed: 0 ms, Comparisons: 2926, Exchanges: 76
2022-11-24 20:04:32.308 QuickSorter. Time elapsed: 0 ms, Comparisons: 269, Exchanges: 118
2022-11-24 20:04:32.308 The best sorter for array is: QuickSorter
2022-11-24 20:04:32.308 Sorting array of 3 elements: [7233, 3316, -517]
2022-11-24 20:04:32.308 BubbleSorter. Time elapsed: 0 ms, Comparisons: 6, Exchanges: 3
2022-11-24 20:04:32.308 ShakerSorter. Time elapsed: 0 ms, Comparisons: 3, Exchanges: 3
2022-11-24 20:04:32.309 SelectionSorter. Time elapsed: 0 ms, Comparisons: 3, Exchanges: 2
2022-11-24 20:04:32.309 QuickSorter. Time elapsed: 0 ms, Comparisons: 0, Exchanges: 1
2022-11-24 20:04:32.309 The best sorter for array is: QuickSorter
2022-11-24 20:04:32.309 Sorting array of 38 elements: [4195, -3810, 8679, -5111, -4095, 9193, -189, 6790, -7644, -1427, 9349, 1990, -2911, 1165, -6038, -4454, 2401, 1369, 5294, -9973, -9432, -4471, 1226, -2761, -515, 5188, -9646, -2174, -5016, -3055, 6258, 8667, -3903, 5304, -6920, 6198, 4396, 6643]
2022-11-24 20:04:32.309 BubbleSorter. Time elapsed: 0 ms, Comparisons: 1147, Exchanges: 344
2022-11-24 20:04:32.310 ShakerSorter. Time elapsed: 0 ms, Comparisons: 703, Exchanges: 344
2022-11-24 20:04:32.310 SelectionSorter. Time elapsed: 0 ms, Comparisons: 703, Exchanges: 37
2022-11-24 20:04:32.310 QuickSorter. Time elapsed: 0 ms, Comparisons: 132, Exchanges: 44
2022-11-24 20:04:32.310 The best sorter for array is: QuickSorter
2022-11-24 20:04:32.310 Sorting array of 69 elements: [-971, 5302, 8744, -2251, 7973, 3776, 6768, 9309, 3917, 8057, -7118, 396, -5985, 8451, 4107, -6536, -4049, 3919, -2122, -1120, 7292, 498, 3194, -6065, -8577, -9758, 1455, -9813, 8351, 2491, -1180, 6729, 5589, 7972, 2641, 2566, 4740, -5255, 9330, 3559, -6304, -4217, 4595, -5600, -5168, 2569, -5970, 2140, 9887, -9973, -9746, 6701, -8927, -6801, -9428, -255, -9498, -7833, 3421, -4645, -5690, 5629, 6939, 1614, -6607, -4595, -3202, 38, 1589]
2022-11-24 20:04:32.311 BubbleSorter. Time elapsed: 0 ms, Comparisons: 3672, Exchanges: 1392
2022-11-24 20:04:32.311 ShakerSorter. Time elapsed: 0 ms, Comparisons: 2346, Exchanges: 1392
2022-11-24 20:04:32.312 SelectionSorter. Time elapsed: 0 ms, Comparisons: 2346, Exchanges: 68
2022-11-24 20:04:32.312 QuickSorter. Time elapsed: 0 ms, Comparisons: 268, Exchanges: 110
2022-11-24 20:04:32.312 The best sorter for array is: QuickSorter
2022-11-24 20:04:32.312 Sorting array of 52 elements: [-6240, 3063, 7198, -3100, -6273, -6098, 8857, -593, 4992, 1879, 3141, -7595, -6804, -1389, 3672, 8508, 8043, -6344, 8225, -5327, 6583, -3218, -3919, -7184, 7324, -1145, 7704, -484, 7707, -9632, -4146, -1610, 3378, 4375, 1587, 5599, -4684, -8522, -7954, -3811, -5078, 5380, -8999, 45, -4851, 9525, 7384, 3808, -1923, 1899, 4539, -6192]
2022-11-24 20:04:32.313 BubbleSorter. Time elapsed: 1 ms, Comparisons: 2142, Exchanges: 673
2022-11-24 20:04:32.313 ShakerSorter. Time elapsed: 0 ms, Comparisons: 1326, Exchanges: 673
2022-11-24 20:04:32.313 SelectionSorter. Time elapsed: 0 ms, Comparisons: 1326, Exchanges: 51
2022-11-24 20:04:32.313 QuickSorter. Time elapsed: 0 ms, Comparisons: 142, Exchanges: 73
2022-11-24 20:04:32.313 The best sorter for array is: QuickSorter
2022-11-24 20:04:32.314 Sorting array of 31 elements: [6486, 9877, -9404, -819, 7683, -7680, 2312, 8841, -5250, -3527, 9101, -6518, 7106, 6196, 6145, 4475, -1729, -5704, -3501, -6863, -9675, -2915, 8597, -8779, -5769, -4913, -6246, -8851, -6900, 9631, 1039]
2022-11-24 20:04:32.314 BubbleSorter. Time elapsed: 0 ms, Comparisons: 780, Exchanges: 285
2022-11-24 20:04:32.314 ShakerSorter. Time elapsed: 0 ms, Comparisons: 465, Exchanges: 285
2022-11-24 20:04:32.314 SelectionSorter. Time elapsed: 0 ms, Comparisons: 465, Exchanges: 30
2022-11-24 20:04:32.314 QuickSorter. Time elapsed: 0 ms, Comparisons: 82, Exchanges: 33
2022-11-24 20:04:32.315 The best sorter for array is: QuickSorter
2022-11-24 20:04:32.315 Sorting array of 73 elements: [-9056, 600, 961, 3427, 2473, -174, 2619, -6975, -4172, -6337, 5413, 5955, 7698, -1114, 6464, -9302, -7021, -7722, -7922, 2190, -916, 819, -3025, -4657, -9988, -8454, 4652, 6522, -4274, -6733, 9013, -290, 6932, -3546, -1050, 8700, -6491, -9465, -2184, 7623, 7295, 770, 7031, 1869, -9731, 9952, 6053, -906, -1233, 519, -1551, -554, 9477, 5234, -5246, -8325, -3557, 2883, 9950, 1168, -2036, -5646, 1214, 2200, 5425, -8493, 4212, 8462, -5716, -4637, 9607, 7217, -4236]
2022-11-24 20:04:32.315 BubbleSorter. Time elapsed: 0 ms, Comparisons: 4392, Exchanges: 1190
2022-11-24 20:04:32.316 ShakerSorter. Time elapsed: 0 ms, Comparisons: 2628, Exchanges: 1190
2022-11-24 20:04:32.316 SelectionSorter. Time elapsed: 0 ms, Comparisons: 2628, Exchanges: 72
2022-11-24 20:04:32.316 QuickSorter. Time elapsed: 0 ms, Comparisons: 310, Exchanges: 102
2022-11-24 20:04:32.316 The best sorter for array is: QuickSorter
2022-11-24 20:04:32.316 Sorting array of 31 elements: [-6463, -991, 5698, -389, -5395, -9093, -4258, 5397, -462, 8096, 7894, -3168, 8406, -3937, -9666, -68, -1470, 9030, -8384, -1394, -2294, 4046, -3486, 3192, -6835, -8206, -7831, -8912, 4033, 6518, 98]
2022-11-24 20:04:32.316 BubbleSorter. Time elapsed: 0 ms, Comparisons: 780, Exchanges: 238
2022-11-24 20:04:32.317 ShakerSorter. Time elapsed: 0 ms, Comparisons: 465, Exchanges: 238
2022-11-24 20:04:32.317 SelectionSorter. Time elapsed: 0 ms, Comparisons: 465, Exchanges: 30
2022-11-24 20:04:32.317 QuickSorter. Time elapsed: 0 ms, Comparisons: 82, Exchanges: 36
2022-11-24 20:04:32.317 The best sorter for array is: QuickSorter
2022-11-24 20:04:32.317 Sorting array of 2 elements: [-3029, 8756]
2022-11-24 20:04:32.317 BubbleSorter. Time elapsed: 0 ms, Comparisons: 1, Exchanges: 0
2022-11-24 20:04:32.318 ShakerSorter. Time elapsed: 0 ms, Comparisons: 1, Exchanges: 0
2022-11-24 20:04:32.318 SelectionSorter. Time elapsed: 0 ms, Comparisons: 1, Exchanges: 1
2022-11-24 20:04:32.318 QuickSorter. Time elapsed: 0 ms, Comparisons: 1, Exchanges: 0
2022-11-24 20:04:32.318 The best sorter for array is: QuickSorter
2022-11-24 20:04:32.319 Sorting array of 38 elements: [8079, 328, -7975, -4029, 2162, 4985, -1053, -8086, -8462, -6643, 9258, 9457, 7960, 4288, 1685, 2486, -4568, -6102, 3289, -8018, -9718, 5377, 5344, 2875, 8663, 9708, 6629, -4125, -7530, -1249, 5978, 4418, -3452, -4283, 6760, 8268, -7102, -6548]
2022-11-24 20:04:32.319 BubbleSorter. Time elapsed: 0 ms, Comparisons: 1147, Exchanges: 339
2022-11-24 20:04:32.320 ShakerSorter. Time elapsed: 0 ms, Comparisons: 703, Exchanges: 339
2022-11-24 20:04:32.320 SelectionSorter. Time elapsed: 0 ms, Comparisons: 703, Exchanges: 37
2022-11-24 20:04:32.320 QuickSorter. Time elapsed: 0 ms, Comparisons: 101, Exchanges: 47
2022-11-24 20:04:32.321 The best sorter for array is: QuickSorter
2022-11-24 20:04:32.321 Sorting array of 63 elements: [-4729, 1635, -9694, -6714, -3715, -629, 9419, -7388, 2371, -959, -4017, -4904, 3877, -3697, 5570, 2423, -9781, -8458, 5200, -6191, -3906, -5460, 7288, 2720, 2783, 6487, -5179, 1902, 9909, 9434, -4879, -6584, 193, -5346, -1442, 7144, -6492, -9749, -1175, 1003, 4683, -7259, -3215, -561, 9598, -6891, 4384, -7938, 4730, -1465, 3201, -6454, 1500, 6940, 9182, 8502, -6593, 3059, -601, -1877, -1203, -6297, 2872]
2022-11-24 20:04:32.321 BubbleSorter. Time elapsed: 0 ms, Comparisons: 3038, Exchanges: 888
2022-11-24 20:04:32.322 ShakerSorter. Time elapsed: 0 ms, Comparisons: 1953, Exchanges: 888
2022-11-24 20:04:32.322 SelectionSorter. Time elapsed: 0 ms, Comparisons: 1953, Exchanges: 62
2022-11-24 20:04:32.322 QuickSorter. Time elapsed: 0 ms, Comparisons: 364, Exchanges: 86
2022-11-24 20:04:32.323 The best sorter for array is: QuickSorter
2022-11-24 20:04:32.323 Sorting array of 63 elements: [-4513, 3653, 579, 6549, 3229, 8460, 4303, 9360, -3452, -6508, -5025, -7535, 1224, 296, 3708, -1641, -9917, -3360, 5898, -3408, 7473, -3805, 8686, -8131, 1676, 5431, -5127, 9450, -963, 8387, 8121, 4764, -8974, 2106, 9797, -3332, 6929, 6324, -5564, -3887, -9878, -9926, 3310, 7468, -748, 6388, -6238, 6600, -6755, 3213, 5705, 7149, 2543, -4225, 245, -7282, 8543, 8907, 5403, 6355, 3901, -6360, -6045]
2022-11-24 20:04:32.323 BubbleSorter. Time elapsed: 0 ms, Comparisons: 3286, Exchanges: 969
2022-11-24 20:04:32.324 ShakerSorter. Time elapsed: 1 ms, Comparisons: 1953, Exchanges: 969
2022-11-24 20:04:32.324 SelectionSorter. Time elapsed: 0 ms, Comparisons: 1953, Exchanges: 62
2022-11-24 20:04:32.324 QuickSorter. Time elapsed: 0 ms, Comparisons: 171, Exchanges: 87
2022-11-24 20:04:32.324 The best sorter for array is: QuickSorter
2022-11-24 20:04:32.325 Sorting array of 26 elements: [-5170, 9963, -3992, 875, -4113, 137, -1983, -4738, -7910, 6427, 6856, 6757, 7059, -1476, -4497, -173, 2478, 6177, -2775, -1542, 9091, -9009, 6414, -2134, 1859, 2852]
2022-11-24 20:04:32.325 BubbleSorter. Time elapsed: 0 ms, Comparisons: 550, Exchanges: 147
2022-11-24 20:04:32.325 ShakerSorter. Time elapsed: 0 ms, Comparisons: 325, Exchanges: 147
2022-11-24 20:04:32.326 SelectionSorter. Time elapsed: 0 ms, Comparisons: 325, Exchanges: 25
2022-11-24 20:04:32.326 QuickSorter. Time elapsed: 0 ms, Comparisons: 104, Exchanges: 23
2022-11-24 20:04:32.326 The best sorter for array is: QuickSorter
2022-11-24 20:08:36.017 Sorting array of 78 elements: [-9501638, 8206744, 5710098, -9463930, -5772063, 7085649, -3681668, 9029304, -2779414, -4000141, 8744769, -1631441, -1785924, -2759687, -7325576, 8160564, -5982276, 3087367, 6831644, -4613196, -283719, 4474161, -1557914, -3523450, 3193325, 4119546, 3865685, -9170353, -3123561, -6658926, -398225, -1721754, -1386048, 9494324, -993814, -8719514, -7085003, -9913779, -3525484, -9082662, 5315811, 8645684, 6529640, 2276330, -8324967, 5993371, 6412648, 4342817, -4853139, 1763802, -7705475, 335840, 7015043, 8140778, 2883980, -6020630, -3616333, 8475638, -6338032, -6712762, 7765291, -106726, 908100, 5230373, 8023874, 3548381, -8348239, -9915157, -232901, 1002247, -7608573, 2501642, -9989003, 4253582, 2389300, -4465940, -3569832, 3089362]
2022-11-24 20:08:36.021 BubbleSorter. Time elapsed: 1 ms, Comparisons: 5621, Exchanges: 1518
2022-11-24 20:08:36.022 ShakerSorter. Time elapsed: 0 ms, Comparisons: 3003, Exchanges: 1518
2022-11-24 20:08:36.022 SelectionSorter. Time elapsed: 0 ms, Comparisons: 3003, Exchanges: 77
2022-11-24 20:08:36.023 QuickSorter. Time elapsed: 0 ms, Comparisons: 332, Exchanges: 110
2022-11-24 20:08:36.025 The best sorter for array is: QuickSorter
2022-11-24 20:08:36.025 Sorting array of 27 elements: [-1259312, 2200715, -6231677, -7622623, -4179577, 869061, 619776, 2716858, -4924025, -7959161, -1958632, -6209301, 5498474, -9683120, 502711, 6333122, 3650352, -3314780, -7136065, 7309510, -1277323, 5318971, -6718589, 1513524, -3835130, 3014062, 1772533]
2022-11-24 20:08:36.025 BubbleSorter. Time elapsed: 0 ms, Comparisons: 494, Exchanges: 149
2022-11-24 20:08:36.026 ShakerSorter. Time elapsed: 0 ms, Comparisons: 351, Exchanges: 149
2022-11-24 20:08:36.026 SelectionSorter. Time elapsed: 0 ms, Comparisons: 351, Exchanges: 26
2022-11-24 20:08:36.026 QuickSorter. Time elapsed: 0 ms, Comparisons: 101, Exchanges: 27
2022-11-24 20:08:36.026 The best sorter for array is: QuickSorter
2022-11-24 20:08:36.026 Sorting array of 89 elements: [4524254, 9899215, -7794761, 5210030, -7570808, -5736376, -7576400, 6734085, -560790, 6496341, 2633982, 3646141, 6997771, -6170061, -4510310, 2712643, -3941747, -9479499, -9455468, 2991128, -6455690, -330598, -1287011, 6730854, 1498018, 3091008, 9301287, 9250459, -8259677, 4616354, 6735329, -4536321, 3035018, 1610497, -2000966, 8554486, -4538121, -3973319, -926454, -9263216, 5556364, -4247871, -5979793, 3467724, -899521, -276279, -9180460, 9984004, -5767950, 725882, 6516457, 483504, 7067229, -5167703, -2057197, -1331253, -1202083, -4547747, 7320082, 798490, -1076846, -3604686, 9014277, -1502938, 9122277, -3204600, -2479884, 4291333, -5270794, -9607222, -3979881, -15391, 9821352, 4794348, -2137110, 8368881, 6876009, 7261941, -996237, 1020660, -2143333, -6297411, 9272846, -7907267, 7790504, 4985408, 6883348, 5548478, -2190279]
2022-11-24 20:08:36.027 BubbleSorter. Time elapsed: 1 ms, Comparisons: 6864, Exchanges: 1822
2022-11-24 20:08:36.027 ShakerSorter. Time elapsed: 0 ms, Comparisons: 3916, Exchanges: 1822
2022-11-24 20:08:36.028 SelectionSorter. Time elapsed: 0 ms, Comparisons: 3916, Exchanges: 88
2022-11-24 20:08:36.028 QuickSorter. Time elapsed: 0 ms, Comparisons: 350, Exchanges: 142
2022-11-24 20:08:36.028 The best sorter for array is: QuickSorter
2022-11-24 20:08:36.028 Sorting array of 94 elements: [5947969, -3818804, 3323843, 6206656, -7895560, -2801056, 4295756, 662126, -3608088, -5897546, -4007969, 527169, -6037131, 7768633, 5975681, 6240061, 8970710, -2366326, 5205963, -1434763, -3988005, 7372525, 6072298, -1675288, -2975633, -9711991, -8005967, 3016583, -4607376, -9312740, -2062523, 2599558, -2454791, 9579861, -9390956, -8469518, -8671509, 7151086, -4810222, 9266571, -2208954, -9942115, -7784012, -2943460, -8099821, -6769879, -2061494, -7030139, -781570, 7407660, 9337883, -1275042, -4620504, -8839672, -352978, -4252980, 248640, -3970024, -6833946, -8316122, 654172, 6760315, -4160891, 9887122, 9832806, -3699357, -3322756, -7487425, -1928169, 4892413, 6766979, 536517, -6614318, 5660043, -1957465, -4498987, -9313242, -6554778, 8218983, 6551274, 2361623, 5791827, -2482705, 3599811, 3459576, -7416244, 1545763, 4924339, -8432714, -4824968, -719271, -1382263, -5354810, 3091767]
2022-11-24 20:08:36.028 BubbleSorter. Time elapsed: 0 ms, Comparisons: 7533, Exchanges: 2199
2022-11-24 20:08:36.029 ShakerSorter. Time elapsed: 0 ms, Comparisons: 4371, Exchanges: 2199
2022-11-24 20:08:36.029 SelectionSorter. Time elapsed: 0 ms, Comparisons: 4371, Exchanges: 93
2022-11-24 20:08:36.029 QuickSorter. Time elapsed: 0 ms, Comparisons: 363, Exchanges: 135
2022-11-24 20:08:36.029 The best sorter for array is: QuickSorter
2022-11-24 20:08:36.030 Sorting array of 6 elements: [-3825787, -9544555, 8000425, -3060442, 9610438, -4870763]
2022-11-24 20:08:36.030 BubbleSorter. Time elapsed: 0 ms, Comparisons: 25, Exchanges: 6
2022-11-24 20:08:36.030 ShakerSorter. Time elapsed: 0 ms, Comparisons: 15, Exchanges: 6
2022-11-24 20:08:36.030 SelectionSorter. Time elapsed: 0 ms, Comparisons: 15, Exchanges: 5
2022-11-24 20:08:36.030 QuickSorter. Time elapsed: 0 ms, Comparisons: 8, Exchanges: 4
2022-11-24 20:08:36.031 The best sorter for array is: QuickSorter
2022-11-24 20:08:36.031 Sorting array of 46 elements: [8614419, -1330004, -8977928, -9182047, 9909532, -4344809, -7710736, -5853138, 437978, -6092733, 9368726, 7891351, 3036158, -1865321, -6235591, -41821, 7542872, -8935690, -6282935, -2034989, 5902452, -6114738, 7760861, -5289824, 3069716, 421118, -9307127, 4942884, -1788127, -1528618, -39780, -9935311, -1418944, 3025330, 4227147, 2447032, -2477025, 7383441, -3971170, 5360394, 5843422, -7855547, 8010958, 8040463, -1471903, 8239212]
2022-11-24 20:08:36.031 BubbleSorter. Time elapsed: 0 ms, Comparisons: 1665, Exchanges: 443
2022-11-24 20:08:36.031 ShakerSorter. Time elapsed: 0 ms, Comparisons: 1035, Exchanges: 443
2022-11-24 20:08:36.032 SelectionSorter. Time elapsed: 0 ms, Comparisons: 1035, Exchanges: 45
2022-11-24 20:08:36.032 QuickSorter. Time elapsed: 0 ms, Comparisons: 171, Exchanges: 49
2022-11-24 20:08:36.032 The best sorter for array is: QuickSorter
2022-11-24 20:08:36.032 Sorting array of 76 elements: [8582666, -883981, 8744470, -2175122, 4456696, -993862, 4160741, -2676914, 1317917, -5115993, 9386494, 5351605, 1123578, 7261857, -3897603, 598128, 9344870, 9202598, -4084340, -4568033, 6263763, 5509357, 9360063, 1542537, 680790, -2391666, 1356967, 9992372, -6414158, -3617113, -7287947, -4669166, 838170, 5472113, 2458813, 2133291, 6377555, -4084641, 2700357, -7001913, 5737445, -1630276, -5976093, 9821526, -1349995, 2459930, -9305485, 2749563, -6761533, 7438884, -5092512, -8094551, 4020719, -1650186, 5976943, -5477498, -985235, 7767398, -3155805, -4024560, 2598567, -7873526, -5701299, 1224731, 9343426, -7597012, -8607865, -9109723, 2606390, -612171, 5207338, -1503248, 7858563, 8112180, -9997787, 9152800]
2022-11-24 20:08:36.032 BubbleSorter. Time elapsed: 0 ms, Comparisons: 5625, Exchanges: 1600
2022-11-24 20:08:36.033 ShakerSorter. Time elapsed: 0 ms, Comparisons: 2850, Exchanges: 1600
2022-11-24 20:08:36.033 SelectionSorter. Time elapsed: 0 ms, Comparisons: 2850, Exchanges: 75
2022-11-24 20:08:36.033 QuickSorter. Time elapsed: 0 ms, Comparisons: 285, Exchanges: 112
2022-11-24 20:08:36.033 The best sorter for array is: QuickSorter
2022-11-24 20:08:36.033 Sorting array of 58 elements: [9572138, 7593903, 1136462, -6198563, 1114618, -6941993, 9113326, -2972514, 1616699, 4931741, 7898811, -4813563, 7444952, -2428469, 6144494, 1752576, 3479199, -2289557, 361335, -7507623, 8167790, 8531115, -6788081, 7246883, 5424270, -9260077, -2806013, 4987699, -1911124, -4012509, 8982643, -6278226, -9728501, 7747967, 8990484, -266731, -7692453, -8086082, -1736603, -5886969, 4454562, -5678597, 2909142, -5812536, 1064386, -4629101, 730253, -6316801, 1482813, 7828288, 6816879, 2965510, -8572832, -4347130, 7744438, -6898147, 7740466, 7368749]
2022-11-24 20:08:36.034 BubbleSorter. Time elapsed: 0 ms, Comparisons: 2907, Exchanges: 896
2022-11-24 20:08:36.034 ShakerSorter. Time elapsed: 0 ms, Comparisons: 1653, Exchanges: 896
2022-11-24 20:08:36.034 SelectionSorter. Time elapsed: 0 ms, Comparisons: 1653, Exchanges: 57
2022-11-24 20:08:36.035 QuickSorter. Time elapsed: 0 ms, Comparisons: 179, Exchanges: 82
2022-11-24 20:08:36.035 The best sorter for array is: QuickSorter
2022-11-24 20:08:36.035 Sorting array of 30 elements: [-6307040, 1164091, 7064315, -6398733, 8126499, 4687230, -9318679, 8495606, 1082372, 3388404, -1915737, -8813755, 8023880, 4299464, 3391504, -3625362, -4295578, 4709651, -6676308, 1798232, 4865154, 6376936, -7980, 5701695, -6554603, -1185656, -1133633, -293719, 7788320, 6762245]
2022-11-24 20:08:36.035 BubbleSorter. Time elapsed: 0 ms, Comparisons: 638, Exchanges: 206
2022-11-24 20:08:36.036 ShakerSorter. Time elapsed: 1 ms, Comparisons: 435, Exchanges: 206
2022-11-24 20:08:36.036 SelectionSorter. Time elapsed: 0 ms, Comparisons: 435, Exchanges: 29
2022-11-24 20:08:36.036 QuickSorter. Time elapsed: 0 ms, Comparisons: 85, Exchanges: 32
2022-11-24 20:08:36.036 The best sorter for array is: QuickSorter
2022-11-24 20:08:36.037 Sorting array of 49 elements: [4901847, -9230333, 1627814, 97272, 4643274, -6864226, -2873390, -8036875, -7472460, -7156181, -9329521, -9530208, -6706560, 8107726, -4281272, 8603987, 4736672, -7267647, 2028351, -6081124, 5266170, 3941461, -3163586, -8369904, -4646161, -9010479, 7282329, 5294836, 6052888, 8281660, -338252, -4605968, -8233570, 4601045, 7805167, 5900363, 1884337, -8205395, -739212, -9544936, 7839970, -2025516, 4761253, -7545122, -5988830, -6600948, 5481578, 8091068, 3869771]
2022-11-24 20:08:36.037 BubbleSorter. Time elapsed: 0 ms, Comparisons: 1920, Exchanges: 514
2022-11-24 20:08:36.038 ShakerSorter. Time elapsed: 0 ms, Comparisons: 1176, Exchanges: 514
2022-11-24 20:08:36.038 SelectionSorter. Time elapsed: 0 ms, Comparisons: 1176, Exchanges: 48
2022-11-24 20:08:36.038 QuickSorter. Time elapsed: 0 ms, Comparisons: 146, Exchanges: 64
2022-11-24 20:08:36.039 The best sorter for array is: QuickSorter
2022-11-24 20:08:36.039 Sorting array of 39 elements: [8778713, 5193762, 4805760, -6178424, -2283948, 9558954, 6100634, 7245247, 5967531, -3225835, 9976643, 4657826, 8968430, -4679040, 164024, -8047906, -8333989, 3973608, -3386467, 9927874, -6058888, -1671019, -2188747, -2914522, -8886789, 4010999, 6829132, 5475847, -1880218, -7081108, -8093480, -5665115, -8609757, -3386394, 520874, 4405018, -7885744, -9472911, -5080519]
2022-11-24 20:08:36.039 BubbleSorter. Time elapsed: 0 ms, Comparisons: 1444, Exchanges: 494
2022-11-24 20:08:36.040 ShakerSorter. Time elapsed: 0 ms, Comparisons: 741, Exchanges: 494
2022-11-24 20:08:36.040 SelectionSorter. Time elapsed: 0 ms, Comparisons: 741, Exchanges: 38
2022-11-24 20:08:36.040 QuickSorter. Time elapsed: 0 ms, Comparisons: 125, Exchanges: 50
2022-11-24 20:08:36.041 The best sorter for array is: QuickSorter
2022-11-24 20:08:36.041 Sorting array of 16 elements: [-424903, 9816845, 6213845, -4537496, 9812981, -1081582, -5555343, -6317672, -4272022, -1228914, 7484972, 9761072, 6707306, -4188074, -4203656, 4767808]
2022-11-24 20:08:36.041 BubbleSorter. Time elapsed: 0 ms, Comparisons: 165, Exchanges: 65
2022-11-24 20:08:36.041 ShakerSorter. Time elapsed: 0 ms, Comparisons: 120, Exchanges: 65
2022-11-24 20:08:36.042 SelectionSorter. Time elapsed: 0 ms, Comparisons: 120, Exchanges: 15
2022-11-24 20:08:36.042 QuickSorter. Time elapsed: 0 ms, Comparisons: 47, Exchanges: 15
2022-11-24 20:08:36.042 The best sorter for array is: QuickSorter
2022-11-24 20:08:36.042 Sorting array of 33 elements: [858286, 5459968, -1620575, 6491546, 5744888, -8953292, -3142943, 7330453, 1461519, -2789122, 8134602, 2934442, -9659517, 9324700, 9689428, 304456, 9962836, 6598253, 7967283, -1953644, -8007057, -8852024, -9140687, -7846792, -7330749, -6124825, 9379630, 3840510, -1132468, -5617682, 8215258, 4452673, -235631]
2022-11-24 20:08:36.042 BubbleSorter. Time elapsed: 0 ms, Comparisons: 704, Exchanges: 271
2022-11-24 20:08:36.043 ShakerSorter. Time elapsed: 0 ms, Comparisons: 528, Exchanges: 271
2022-11-24 20:08:36.043 SelectionSorter. Time elapsed: 0 ms, Comparisons: 528, Exchanges: 32
2022-11-24 20:08:36.043 QuickSorter. Time elapsed: 0 ms, Comparisons: 98, Exchanges: 43
2022-11-24 20:08:36.043 The best sorter for array is: QuickSorter
2022-11-24 20:08:36.044 Sorting array of 88 elements: [9577022, 9960211, 6578952, -4424772, 2363641, -6940203, 1541556, -1876434, -9371323, 8789335, -502852, -2105562, 7859855, -6156813, -4465420, 5174391, 5186172, -4336002, -6572479, -7117711, -2861733, 471659, 4719106, -1782202, 4018104, 2674882, 1676822, 4524925, 3990604, 4245305, -5503757, 8423687, 2135103, 5336896, -395516, -4349590, -5127370, 3283366, -7399184, 2978953, 7454238, 5820495, -9868771, 6776099, 8369569, 9915616, 8616118, -3773095, 3059150, 5792235, 9400479, -9358763, 179916, -6465085, -6397880, -552971, -2904418, 5461425, 3865401, -331271, -6600592, -7454597, -4660871, -9243497, -4465386, 1855248, -3705193, 6432966, 9781862, -5737365, -5162321, 3304935, -4665917, 5212943, 8933036, -4158509, 7667973, -9180744, 1628209, -1699420, -1705021, 904431, -469550, -1298491, 9032427, -5136585, 7738216, -5367326]
2022-11-24 20:08:36.044 BubbleSorter. Time elapsed: 0 ms, Comparisons: 6438, Exchanges: 1994
2022-11-24 20:08:36.045 ShakerSorter. Time elapsed: 1 ms, Comparisons: 3828, Exchanges: 1994
2022-11-24 20:08:36.045 SelectionSorter. Time elapsed: 0 ms, Comparisons: 3828, Exchanges: 87
2022-11-24 20:08:36.045 QuickSorter. Time elapsed: 0 ms, Comparisons: 358, Exchanges: 132
2022-11-24 20:08:36.045 The best sorter for array is: QuickSorter
2022-11-24 20:08:36.045 Sorting array of 7 elements: [998488, -2475779, -9533590, -8866143, -9227913, 2844220, -6443883]
2022-11-24 20:08:36.046 BubbleSorter. Time elapsed: 1 ms, Comparisons: 24, Exchanges: 11
2022-11-24 20:08:36.046 ShakerSorter. Time elapsed: 0 ms, Comparisons: 21, Exchanges: 11
2022-11-24 20:08:36.046 SelectionSorter. Time elapsed: 0 ms, Comparisons: 21, Exchanges: 6
2022-11-24 20:08:36.046 QuickSorter. Time elapsed: 0 ms, Comparisons: 6, Exchanges: 7
2022-11-24 20:08:36.046 The best sorter for array is: QuickSorter
2022-11-24 20:08:36.046 Sorting array of 72 elements: [-8415932, 3168212, -454343, -2251248, -1469622, 7383875, -9807463, -5860917, 388198, 6831016, -9810426, 2729635, 6999089, 5350189, 7061996, -4213418, -3188748, 8687590, 6096050, -2786308, -4127217, -6903455, 5495747, -287517, 632814, -3065590, 5296431, -5710065, -6597528, -5501874, -7177344, -8180428, 1918960, 1258774, -4040664, -965586, 6827989, -2271795, 334122, 7534611, -3413050, 7480291, -7637568, 4065633, 6525292, -5973478, 1102548, 1426632, 5532671, 5350658, -2069999, -8135978, -6043532, -3527187, 5749941, -7969199, -5274022, 2990921, 3467968, 7481903, -3241307, -1355789, 5577413, 1427372, -1905961, -5679950, 1012320, -9961846, 5935228, 3595291, 4011072, -9340385]
2022-11-24 20:08:36.047 BubbleSorter. Time elapsed: 0 ms, Comparisons: 4899, Exchanges: 1272
2022-11-24 20:08:36.047 ShakerSorter. Time elapsed: 0 ms, Comparisons: 2556, Exchanges: 1272
2022-11-24 20:08:36.047 SelectionSorter. Time elapsed: 0 ms, Comparisons: 2556, Exchanges: 71
2022-11-24 20:08:36.048 QuickSorter. Time elapsed: 0 ms, Comparisons: 294, Exchanges: 114
2022-11-24 20:08:36.048 The best sorter for array is: QuickSorter
2022-11-24 20:08:36.048 Sorting array of 86 elements: [-669244, -8763933, 4655381, -8006729, -1363341, 4504618, 798296, 8667397, 8184103, 8704051, -4483347, 4858664, -417385, -5204753, 3088056, -5986442, 906711, -7403673, 4682988, 5051669, -7236423, 3609232, -579498, -5016842, -7868012, 9450882, -1868681, -8994801, 2261787, -5658463, -6175400, 5841537, 2000341, 7784024, 3810609, -6532753, 953320, 1515377, 7713793, -3550734, -6051934, -8207889, -883370, 328082, -3245680, 9253320, -1467908, -5903226, 9379195, 9169483, -8411276, 4276553, 4831187, 3560204, -6352671, -1771400, -4079131, 4117367, -322274, 4190588, -1759676, -114056, -3936932, 3927924, -6790255, -6265418, -242181, -6344353, 7884781, 7536900, 2665279, 516557, 6666742, -4649494, -8082005, 7143595, 5478458, 7568194, -4922353, -5951142, 6540453, -2883180, 8091779, -8811704, 2438351, -9876173]
2022-11-24 20:08:36.048 BubbleSorter. Time elapsed: 0 ms, Comparisons: 7310, Exchanges: 1839
2022-11-24 20:08:36.049 ShakerSorter. Time elapsed: 0 ms, Comparisons: 3655, Exchanges: 1839
2022-11-24 20:08:36.049 SelectionSorter. Time elapsed: 0 ms, Comparisons: 3655, Exchanges: 85
2022-11-24 20:08:36.049 QuickSorter. Time elapsed: 0 ms, Comparisons: 372, Exchanges: 121
2022-11-24 20:08:36.049 The best sorter for array is: QuickSorter
2022-11-24 20:08:36.050 Sorting array of 87 elements: [2146948, 5730890, 3503794, -648318, 7089052, -3019331, 7022219, -3490591, -2447335, 8939513, -7495736, -9756564, 9344782, 9582783, -519519, -629031, -2518980, -6764086, 9639054, 6537261, -4404217, -6234792, 2342287, -7289032, -8421259, 7027973, -4531908, -4048143, 6555329, -1067853, 4104754, 8820519, 1654303, -1478858, -1133217, 9179773, 4324931, -4962544, 2566619, -260221, -2760586, 4492446, 9892562, -9207954, -5019397, -2566797, -1271304, -8742742, 9905792, -5497958, 3984004, 8294424, 5136175, -8463667, 4976058, 8403683, -2691754, 6988517, -8131750, -7823465, 5754809, 4304578, 5174140, -3584008, -2679561, 671399, -2168309, -1746710, 7208011, -1254624, 1521516, 6535500, 9489226, 7380203, 5602203, -7048733, 892861, 7769902, 2629336, -2880650, 8404582, 13987, 3754786, 5223408, 4514225, -6543647, 5720232]
2022-11-24 20:08:36.050 BubbleSorter. Time elapsed: 0 ms, Comparisons: 6450, Exchanges: 1762
2022-11-24 20:08:36.050 ShakerSorter. Time elapsed: 0 ms, Comparisons: 3741, Exchanges: 1762
2022-11-24 20:08:36.051 SelectionSorter. Time elapsed: 0 ms, Comparisons: 3741, Exchanges: 86
2022-11-24 20:08:36.051 QuickSorter. Time elapsed: 0 ms, Comparisons: 462, Exchanges: 122
2022-11-24 20:08:36.051 The best sorter for array is: QuickSorter
2022-11-24 20:08:36.051 Sorting array of 15 elements: [-6294599, -2382962, 8275065, 1358580, 2656278, -1416418, 5184847, -4453176, -4399099, -5402828, 4914937, -3483129, -111938, 7792201, 520588]
2022-11-24 20:08:36.051 BubbleSorter. Time elapsed: 0 ms, Comparisons: 126, Exchanges: 47
2022-11-24 20:08:36.051 ShakerSorter. Time elapsed: 0 ms, Comparisons: 105, Exchanges: 47
2022-11-24 20:08:36.052 SelectionSorter. Time elapsed: 0 ms, Comparisons: 105, Exchanges: 14
2022-11-24 20:08:36.052 QuickSorter. Time elapsed: 0 ms, Comparisons: 42, Exchanges: 11
2022-11-24 20:08:36.052 The best sorter for array is: QuickSorter
2022-11-24 20:08:36.052 Sorting array of 85 elements: [15850, 1046520, 7471551, 3357344, 5820263, 8158894, -6440566, -8106915, -8067028, -4757692, -519350, 9462163, -692442, -8651687, -5191481, 4943303, -2264259, -6716659, -3369147, -4849563, -7552045, -3701534, 6797102, 8533662, -2724338, 265981, -6750859, -3216140, -9957760, -6870954, 7637936, 8587413, 4983468, -4611888, 3400869, 1249246, -1509487, 8469333, 275150, -8302111, -3437130, 3304620, 6508964, -8680210, 784044, 3819882, 4235032, -5471421, -8237258, -490476, 469569, 2469796, 6129144, -6570402, 9527486, -8932263, -3901325, -7147098, 1628248, -2497068, 7103853, -4844307, -5235656, -2670642, 1537958, 8384431, 9191222, -6712607, 6785689, -2256623, -5668850, 6363543, 3485394, -1460526, -8406921, -1739512, 8490781, -7007736, 5241935, 7050749, -8138135, -943702, -1855802, -1617702, 8421384]
2022-11-24 20:08:36.053 BubbleSorter. Time elapsed: 1 ms, Comparisons: 6216, Exchanges: 1713
2022-11-24 20:08:36.054 ShakerSorter. Time elapsed: 1 ms, Comparisons: 3570, Exchanges: 1713
2022-11-24 20:08:36.054 SelectionSorter. Time elapsed: 0 ms, Comparisons: 3570, Exchanges: 84
2022-11-24 20:08:36.055 QuickSorter. Time elapsed: 0 ms, Comparisons: 359, Exchanges: 131
2022-11-24 20:08:36.055 The best sorter for array is: QuickSorter
2022-11-24 20:08:36.055 Sorting array of 45 elements: [8377325, -9541080, 5847355, -1852516, 5253365, 7977136, 9137905, 9716804, -1709223, 5282914, 4324147, -151093, 827612, -7040166, 8605457, -1972813, 506442, -820211, 9945297, -2312940, -692084, 1030942, -399974, 5374308, -3323082, 8613895, 202935, -4388845, 4999523, -3513086, 6200541, -6472524, 3601509, 4457369, -9803041, 3393661, -9255951, -4476760, -1536906, 5388355, -8462572, 5974879, -1075566, 1849684, 7608469]
2022-11-24 20:08:36.055 BubbleSorter. Time elapsed: 0 ms, Comparisons: 1672, Exchanges: 564
2022-11-24 20:08:36.055 ShakerSorter. Time elapsed: 0 ms, Comparisons: 990, Exchanges: 564
2022-11-24 20:08:36.056 SelectionSorter. Time elapsed: 0 ms, Comparisons: 990, Exchanges: 44
2022-11-24 20:08:36.056 QuickSorter. Time elapsed: 0 ms, Comparisons: 130, Exchanges: 62
2022-11-24 20:08:36.056 The best sorter for array is: QuickSorter
2022-11-24 20:08:36.056 Sorting array of 86 elements: [3250862, -367318, 2353258, -5487202, -3528600, 9954909, -7447824, 7603734, -9217074, 8009783, -996139, -132699, -6402857, -9798041, 3551996, -863659, 9362261, 5910471, -5355792, 5247831, -2982345, -8207497, -5396570, -5088192, -6424941, 5599110, -7742884, 7027487, -4940947, -5330241, -5864001, -195792, -2184567, -7556465, -1685911, 5260993, -7760488, 3029465, 7339425, 6034820, 8164864, 4027093, 552357, -413453, 9976829, -3777659, 4325354, -8246710, 5070003, -8174644, 5903557, 7180963, 983894, 779481, -9570313, -5445098, 9037468, 7600454, -7379951, -6930208, -8671296, 4962403, -4040110, 7685308, 876910, -5854446, 2854989, -2009608, 6158863, 9243940, 4679576, -2263683, 7414517, 9788687, -1931055, 1523759, -6287072, 9230407, -8086670, -2368770, 7600239, 1086343, -7942854, -4593800, 9671596, 2198055]
2022-11-24 20:08:36.056 BubbleSorter. Time elapsed: 0 ms, Comparisons: 6375, Exchanges: 1686
2022-11-24 20:08:36.057 ShakerSorter. Time elapsed: 1 ms, Comparisons: 3655, Exchanges: 1686
2022-11-24 20:08:36.057 SelectionSorter. Time elapsed: 0 ms, Comparisons: 3655, Exchanges: 85
2022-11-24 20:08:36.057 QuickSorter. Time elapsed: 0 ms, Comparisons: 414, Exchanges: 122
2022-11-24 20:08:36.057 The best sorter for array is: QuickSorter
2022-11-24 20:08:36.057 Sorting array of 96 elements: [1610268, 9307293, -1866163, 5750537, 4011047, 1842359, 2628355, -8410092, 9702051, 3508151, 1347035, -5208808, 3944995, -1957859, -3931600, -4396055, 8142203, -4220137, 1264832, -3499335, 8454405, 7653006, -534582, -1612253, 5032509, 4294263, 9810567, -4967462, 2092863, 1944933, -6974113, -6492432, 2742754, -5951244, 3849575, -932446, 3638765, 8681446, 5324217, 2514309, 5301200, -5385407, -6364427, -7041731, 1494065, 7981367, -4358277, -5827235, -9780470, -5063224, -9116372, -5336458, -9260577, -9023831, 5620129, -4668329, -2087166, -1139799, -6494238, -1345292, 2640009, 9115431, -8332065, 2691201, -1478184, -2173214, 8613721, 4243689, -5633460, 5744448, -3660933, -9740092, 1107041, 3420667, -7525438, -4893159, 460779, -7872689, 7541529, -9480619, -3131667, -6680207, 6972197, -4105035, 6477134, 7092529, 1642698, -5697747, -2218704, 6571637, -9362507, -4555752, -4396672, -4108756, 756482, 6121539]
2022-11-24 20:08:36.057 BubbleSorter. Time elapsed: 0 ms, Comparisons: 8360, Exchanges: 2565
2022-11-24 20:08:36.058 ShakerSorter. Time elapsed: 0 ms, Comparisons: 4560, Exchanges: 2565
2022-11-24 20:08:36.058 SelectionSorter. Time elapsed: 0 ms, Comparisons: 4560, Exchanges: 95
2022-11-24 20:08:36.058 QuickSorter. Time elapsed: 0 ms, Comparisons: 359, Exchanges: 159
2022-11-24 20:08:36.058 The best sorter for array is: QuickSorter
2022-11-24 20:08:36.058 Sorting array of 41 elements: [8834766, 7515998, -3086051, 5665819, 9329092, -2913468, 5931989, -3511244, -8849999, 1506916, -9965051, 4501752, 3252906, -2290790, 1028353, -7700712, 8306054, -7089152, -7779780, -4703309, 215770, 6456991, 5560337, -3182088, -8788119, 4950312, -478258, 1565677, 1326967, -9280680, 6756241, -2158138, -2405482, -4876576, -6109142, -4148014, -7914122, -9917142, -8800850, 8413356, -3709280]
2022-11-24 20:08:36.059 BubbleSorter. Time elapsed: 0 ms, Comparisons: 1480, Exchanges: 511
2022-11-24 20:08:36.059 ShakerSorter. Time elapsed: 0 ms, Comparisons: 820, Exchanges: 511
2022-11-24 20:08:36.059 SelectionSorter. Time elapsed: 0 ms, Comparisons: 820, Exchanges: 40
2022-11-24 20:08:36.059 QuickSorter. Time elapsed: 0 ms, Comparisons: 120, Exchanges: 53
2022-11-24 20:08:36.059 The best sorter for array is: QuickSorter
2022-11-24 20:08:36.059 Sorting array of 40 elements: [6070427, 6832367, 415795, 4371243, 9454287, 3221553, 9870087, -6830420, 4934294, -9415098, 6196482, 7077563, -938827, -9200839, -4250395, -1942892, 3661539, 8258157, 1249187, -3756023, 2087949, -4620595, 6484258, 4091038, -9595051, -5193903, -1122706, 6071933, -2204457, -7356358, -8616253, 3490577, 1139397, 4940000, -1222899, 3247700, 33902, -1372187, 3706447, 3643876]
2022-11-24 20:08:36.060 BubbleSorter. Time elapsed: 0 ms, Comparisons: 1092, Exchanges: 449
2022-11-24 20:08:36.060 ShakerSorter. Time elapsed: 0 ms, Comparisons: 780, Exchanges: 449
2022-11-24 20:08:36.060 SelectionSorter. Time elapsed: 0 ms, Comparisons: 780, Exchanges: 39
2022-11-24 20:08:36.060 QuickSorter. Time elapsed: 0 ms, Comparisons: 110, Exchanges: 57
2022-11-24 20:08:36.060 The best sorter for array is: QuickSorter
2022-11-24 20:09:03.326 Sorting array of 100000 elements: viewing only first 1000 elements: [-2035547890, 1311355706, 348611067, 1233155054, 164382634, -1390794865, 212949372, -1696600619, 1867036118, 1906459745, -1345438532, -2037086799, -2016444290, -1494294687, 515611520, 480825644, -151914484, -1347823381, 1344957178, 1255655123, -463426829, 158322906, 2085974032, 1964363297, -2048475234, 1588340871, -1511259963, -1820748351, 782886304, 662387441, -2114871881, -64020719, -1117664619, 642967591, -1261924912, -1696073972, -2131711235, 1895352574, 496709327, 1390034486, 193291248, 381924112, 710982277, -1224526975, 1080301093, 1324604676, 1668221716, -1537339088, 654105672, -631238871, -1335935549, 1990245475, -1393637359, -1454896559, -48612299, -1783478864, 1918282922, 184094375, 214107362, -1701567794, -870041535, 952332277, 416945881, -1489139792, -1300293107, 1505529824, -1112398588, -238102153, 319370106, 754710894, -896150864, -910152885, 1804430259, 583344453, -73675002, -785167180, -1621109585, 1599722526, -2001804034, 1199791040, -1836121574, -1295825856, -793553766, 1428584508, -1735428275, -1544168607, -1186026616, -1949471996, 674823468, -200931724, -1221002244, -129231221, 1270164877, 771467509, -1582336420, 976915198, -254552704, 633975891, -2021726323, -286736777, -1933394565, 1940608317, 1635353832, 2077140868, 76711556, -363574570, -244468030, 1231298551, -910145731, 1303460790, -1626338814, 405359547, -968308387, 997370661, 1516573404, -1933083238, -57209363, -1133745796, -1855608105, -504732855, -605238906, 436903823, -512559960, 558645068, 93759144, -444906337, -1279379185, 425193006, 903907332, 747598448, -1780231002, -1206753091, -1906929304, 1335813917, -1759224031, -492279774, 908232818, -776834709, 615991497, 1063111192, 268923076, 1187537044, 2103275844, 1596356271, 1687400371, -82865455, -413920890, -636807100, -1876942850, 208344692, 2136598387, -1366512130, 1347696548, 1451987720, -1998902322, -1130269800, 1099838912, 805114983, 506999852, -1746713439, -601203866, -755499564, -675662496, 504273600, 1981787535, -900182277, 1572113993, 900209669, -1863470447, -2086808099, -1930670312, -1600899928, -139903802, 1575490306, 1985588320, -637462780, 217223290, 1182638296, -788264217, 229124876, 127637952, 1736880511, -289024356, 1152371578, 307252601, -209641982, -1174170174, 1471118331, -707837402, 1559632714, -1587995870, 241722864, -1426729051, 470580008, -998558435, 1958137323, -830677168, 540749170, 98250223, -1118903697, -3453488, -417796609, 1486416579, -58342377, 431050322, 1454844547, -124518207, -869586073, -1151237219, -1103354672, 1406152955, 140987328, -1629567635, 1838169877, -1659548177, -262213846, -1122252777, -1332357100, -1832990521, -467461510, -31380361, 1245053084, -763863507, 2097727988, 13548951, 467950226, -559088792, 219911188, -2017489482, -25775413, -1708930134, -228754735, 719569772, -732608904, -259866648, 1223059850, 1495478331, 518903392, 1534350714, -1973461551, 1902734382, -1827934434, 1822242412, -1497499391, -768772463, 625433004, -498583245, -712355810, 1843457926, 2005063605, 1307655429, -2074931056, 1064306234, -2106238084, 149677095, -691932548, 429804233, 1811405010, -1012093406, -2017617963, -896960453, 2120550609, -1051105382, -2104052610, 317175085, 1055414391, 1956978877, -1860539097, 1195968743, -52899916, -821543531, 442934836, 437599251, -888403457, 1515137677, -1725531925, 1275057412, -203934438, -1908572244, -982487307, 465560953, 88548170, 1120677987, -1561921456, -1728547095, -871467523, -1795265434, 1464086438, 855900610, -1574065989, -1157010058, -1455051602, -205414038, 1686224677, 1671147445, -1876893715, 453488631, -96929327, 1796082063, 1329886155, -1582965208, -704957068, 82126778, 129993815, 1745827688, -145928159, -1021230487, 824073119, 176576044, -1521206452, -598067904, -2072570256, 36929051, 1981137086, -495527353, -1721576785, -671729210, 854513693, -1726098770, -1554028050, -1161745913, 289820056, -1508926233, 420359736, -1257034749, 1807426432, -625661816, -903645622, 1497885426, 844555232, -884332984, -915662623, -863617679, 62627806, 1600748984, 332332981, 280245403, -835488022, -854220896, -2099176160, -1340818354, 1592273692, 1707734031, 2111707035, 2071750304, -32610154, 1407690035, 438968763, -2011306108, -179928033, -1502113277, -1121890335, 706524887, 54465181, -1933387972, 1834887305, -742984299, 1159126238, -2041438528, 1299695916, -1691957091, 1833916333, -1596091153, -1139256162, -1219674544, 371056480, -1919455324, 1113328037, -1904053375, -1287551914, -712269167, -1666985270, 328699059, -1606792930, 2088746522, -1853286765, -30451677, 1342163843, -1810152995, -1244136110, 1948985455, -146916535, 278841149, -1831269081, 585988650, -1454770318, 1946195460, -1284369779, 2067001331, 1211578631, 18447769, 232239, 408920245, -1205171092, -677199468, -1384674565, -608299635, 673854088, -1226337735, -1820239831, 1414069569, -1459092437, -1580026088, -182384650, 382365320, -364275912, -1254406674, -1046569827, -805736325, -9799744, 1944553920, -855983404, -2090597892, 1125113629, 432312040, 620320400, 511257179, 769988619, 1571713031, 1947368394, -672874506, -512103338, 1142390028, 492715009, 1428791959, 36665483, -1059629661, 1288747380, 830504271, -1562601953, 433910479, -1061124653, 178683970, 1052476154, -1878317564, 1510024811, 591433459, 1708878321, -1249544057, -1277818114, 225030645, 560827888, -823472816, -1108392878, 226099806, -1632416047, 1378714893, -1873436662, -694493011, 799319402, -1044618971, 134173502, -1573017257, 1933629266, -1948481161, 813386177, -421919182, 944905657, -1032051861, 1233633207, -1782646207, 124659436, -502429656, 1911982174, -635110426, 475047835, -1854075328, 735837568, 678757033, 1244705641, 1146853768, -110763336, -520958915, 1374880723, 1318794434, -39490742, -808111181, -1376089204, -623004546, -740270351, -271023465, -1222819889, -1721247216, -1316364097, -1038439620, 1030409524, 1428138163, -989647625, -143875228, 965994528, 1377088447, 1783079425, -1189977106, -735722768, 344629022, -896839468, -762630287, 1106543794, -1315226035, -690400159, 624929825, -1056838809, -1474194910, -98184704, 1460000439, -1468297188, -1462697427, -931556860, 774802727, 1758531272, -967418584, 695882591, -313073698, -441083890, -89450518, -776436679, 2046933258, 1270247325, 28043580, 1226778196, -1605715196, -1607504876, 813753820, 604345917, 411929395, 1329773085, 1758018200, 1651524277, 442463036, -1443291047, 1705620288, -1507688521, -1297505785, -395107209, -1041462997, 944814488, 1700273889, 1919794040, -1950525809, -942375610, 1197707674, 1943758086, -1851723841, -1170549483, 1950599644, 17511279, -16746721, -69934675, -1995439700, 1249428902, -1023914652, 338608146, 160271060, 529388902, 402950414, -1186121971, 1143764155, -841313387, 1235073022, -2023810875, -14135563, -238393940, 1046176620, -1565359036, -561981425, -801188408, -1429158384, -2006590219, -1077736079, -1417317470, 28278289, -60726268, -387862597, 586897643, 417103480, 159139011, 809962100, -981673091, 633982622, 91773265, 1222691799, -370287920, 653988002, -1706955621, -644780337, -775160823, 1486883920, -352173384, 1406299173, 2014103081, -1646766433, -222404080, 45877654, -1694650251, 1548909212, 1889125247, -688278128, -648507334, -561071947, -2006231564, -1128653665, -259711469, 1498868242, -1117181480, 1938630365, 1916189479, 703880599, 1204640552, -1144479082, 2085179455, 1521170748, 1195754165, -369077269, 761917464, 854199951, 116850547, -580599779, -232383671, -1464477956, 1078034715, -573160702, -124374018, 401873784, 1000909273, 60671489, 896386064, 979293385, 1400180273, 1494731632, 721739007, 1943078908, -972778371, -1848237845, -195880531, -1098744644, -1864184244, -804855269, -735360585, -1467488278, 1343023184, 222263629, 802874863, -98714785, -1792520340, 1728832182, 812097326, 570366143, 758649904, 1980197374, -478135960, -1166227272, -669307154, -729341515, 1299667769, -498082359, 1540128139, 1846848168, -1828772691, -2054596243, -984843609, 454896953, -661020300, -5200980, 2047850632, 1428446289, -1806005214, -1887002196, 661821961, 1093126696, 1566655045, -486959270, 1649415928, -1674415569, 2114451205, -1942097327, 1498401062, -1911095933, -2147426242, -1228206075, 138653151, -1110989128, 2132258022, 182663051, -860116229, -2038911758, -787643980, -1494788824, -397878055, -476091493, -2015024180, 215046476, -1173217220, 910514524, 1466163698, 1437105190, 1651792540, -48304941, -172429098, 1718264846, 1022193142, 456750741, -1921932563, -860566992, 1534563577, -133555719, -1235556099, -1582700880, -1027260696, -1096370254, 1275424210, -1458161963, -623749459, -164422113, -26630738, -398810947, 2068952940, -921460726, 1861738788, -1473812990, -155858947, 1034712754, -671554176, -1110103744, -567169384, -549726007, -1948194194, 972738151, 1068227760, -1864932771, -2098980464, 1659786989, -77674752, -999700649, 530914315, 1813366980, 898367362, 862578648, -1379511811, -1270686302, -1617322390, 1061373417, -577051116, 1395159319, -95670245, -58322682, 1011513118, 328069467, 97425301, -1777922464, 575886779, -668843719, -1557734433, 105670862, 454957859, 571205787, -209551564, -1564602973, -300424870, -881811281, -158469807, -981781048, -57280072, 1318431990, 1319371004, 2117736741, -1795490245, -470199637, 1773714119, -1506297462, 499637274, 1118670348, 1572403003, 393416052, -553528484, -1007424045, 667318742, -1208719104, -1058454802, -1246291754, 887719273, 1082406305, -937728544, 1751348147, 1995280538, 2004057872, 1996308196, 21980596, 1414648195, -2055920547, 1395416656, -190982617, 2042231581, 1567757211, 281672957, -1411713157, 1946482135, 1238048909, 969175812, -934155209, -1769199591, -98444844, 324252702, -218028255, 1826380189, 657340132, -1978079380, 1680015702, -376122220, 1088820097, -1830536739, -176600748, 1558962212, -80804269, 1923245770, -1992659096, 959024093, -1006558795, -606370736, 326126257, -333450979, -468841880, -773881174, -1081307411, 948144381, -963374984, 1843568492, 155172118, -504341929, -1466808406, 509561249, 650023616, 201320275, 682232960, -95425850, -1081464954, 972825677, -233185413, -463430071, 84908122, -1303846198, 666212376, 14516256, -1889727277, -1594099755, -789717203, 785515865, -514323847, 1719764844, -373978400, -1682536334, 1243419539, 152204030, -611290265, 64310723, -2129456303, -1813435131, 153543310, 1782838381, -292275902, 1650376329, -1421876141, -2134042521, 1058373174, -1457573341, -1437843578, -445187743, -135830986, -1480220157, 817895659, 1101485396, 101390356, 1589940031, -1764225485, 996791049, 1853993224, 1122700325, -1114566549, 269818601, 1230402585, -401325193, 1841536282, -109607660, -1690894874, 534070178, 2075075096, 631621734, 1175550471, 2024070963, 817489366, -1196028751, -347025307, -312994150, 2030616371, 517984777, -699672135, 815530181, -721436555, -275474340, 696510334, 1786341613, -1503497836, -686242401, -1266551807, 857186072, -2142479578, 68218255, 509166322, 1734782985, -332160546, 788083215, 2089602531, -2080185308, 2106435788, -1444492213, 1238439689, -1119815728, -299435115, 255678024, -696931453, 1820221965, 1920591212, 1455398803, -1302253134, -1461413630, -262996661, -958407595, -243607503, 1563761800, -1964112887, -341143869, 573225079, -1296188289, 1225179266, -453945448, 1206123426, -338798464, -2138566469, -766292808, -1138142339, -586132656, -35595136, 1457122355, 1507630211, 1655155945, -732579067, 488630187, 303591138, -917000736, 338266291, 894963501, -1846699691, 2052143817, -593012119, 92191600, 1142155519, 1564603784, 539933744, 865250435, 34332698, 1911001608, 1265323625, 1855903298, 1536720364, 37168111, 899998068, -280544717, -1571785407, -89219814, -1498936529, 1848354708, -1410298977, -1426524840, 240851711, -1481534724, -799899792, -1654498550, -254637571, 741542643, 910241001, 1091169676, -691075636, 501413847, 541617026, -1570881949, 981017004, -1909105497, -1991722740, -1655217314, 1375034335, 227357270, 1370357373, -1898122518, 1718540445, 1831217307, -1287802792, 885199729, 424248161, -894819165, -569265222, 1091679516]
2022-11-24 20:09:25.198 BubbleSorter. Time elapsed: 21868 ms, Comparisons: 9973400265, Exchanges: 2500932461
2022-11-24 20:09:37.777 ShakerSorter. Time elapsed: 12579 ms, Comparisons: 4999950000, Exchanges: 2500932461
2022-11-24 20:09:43.225 SelectionSorter. Time elapsed: 5446 ms, Comparisons: 4999950000, Exchanges: 99999
2022-11-24 20:09:43.244 QuickSorter. Time elapsed: 19 ms, Comparisons: 1346764, Exchanges: 385561
2022-11-24 20:09:43.245 The best sorter for array is: QuickSorter
